[2026-01-07 09:43:23] No translation occurred
  Original:    うん
  Translation: yeah
  Suggest: Add to ffxi_glossary.txt: うん|<your_translation>

[2026-01-07 10:06:52] Japanese chars in translation
  Original:    Temenos Operator : ・135・ has been recorded in your White Card.
  Translation: Temenos Operator: ・135・ has been recorded in your White Card.
  Suggest: Add to ffxi_glossary.txt: Temenos Operator : ・135・ has been recorded in your White Card.|<your_translation>

[2026-01-07 11:59:52] Japanese chars in translation
  Original:    おつー
  Translation: thanksーー
  Suggest: Add to ffxi_glossary.txt: おつー|<your_translation>

[2026-01-07 13:00:02] Japanese chars in translation
  Original:    You have undertaken the limited-time Records of Eminence challenge ・Gain Experience.・
  Translation: You have undertaken the limited-time Records of Eminence challenge ・Gain exp.・
  Suggest: Add to ffxi_glossary.txt: You have undertaken the limited-time Records of Eminence challenge ・Gain Experience.・|<your_translation>

[2026-01-07 16:08:27] Japanese chars in translation
  Original:    ・Orichimaru(E) : {Hello!}
  Translation: ・Orochimaru(E): {Hello!}
  Suggest: Add to ffxi_glossary.txt: ・Orichimaru(E) : {Hello!}|<your_translation>

[2026-01-07 18:10:36] Japanese chars in translation
  Original:    ・Fugiwara(E) : {Hello!}
  Translation: ・Fugiwara(E): {Hello!}
  Suggest: Add to ffxi_glossary.txt: ・Fugiwara(E) : {Hello!}|<your_translation>

[2026-01-08 08:56:53] Japanese chars in translation
  Original:    こんばんは～アラーム鳴って 目が覚めました('Д')ノ
  Translation: Good evening ~ I woke up when the alliance beep rang ('Д')ノ
  Suggest: Add to ffxi_glossary.txt: こんばんは～アラーム鳴って 目が覚めました('Д')ノ|<your_translation>

[2026-01-09 09:39:01] Japanese chars in translation
  Original:    Temenos Operator : ・135・ has been recorded in your White Card.
  Translation: Temenos Operator: ・135・ has been recorded in your White Card.
  Suggest: Add to ffxi_glossary.txt: Temenos Operator : ・135・ has been recorded in your White Card.|<your_translation>

[2026-01-09 10:32:27] Japanese chars in translation
  Original:    Temenos Operator : ・135・ has been recorded in your White Card.
  Translation: Temenos Operator: ・135・ has been recorded in your White Card.
  Suggest: Add to ffxi_glossary.txt: Temenos Operator : ・135・ has been recorded in your White Card.|<your_translation>

[2026-01-09 10:36:13] No translation occurred
  Original:    おつ
  Translation: thanks
  Suggest: Add to ffxi_glossary.txt: おつ|<your_translation>

[2026-01-09 22:19:59] Japanese chars in translation
  Original:    Temenos Operator : ・119・ has been recorded in your White Card.
  Translation: Temenos Operator : ・119・・ has been recorded in your White Card.
  Suggest: Add to ffxi_glossary.txt: Temenos Operator : ・119・ has been recorded in your White Card.|<your_translation>

[2026-01-11 08:03:39] Japanese chars in translation
  Original:    This area is currently affected by the Super Kupower: ・Thrifty Transit・!This area is currently affected by the Super Kupower: ・Martial Master・!This area is currently affected by the Super Kupower: ・Crystal Caboodle・!
  Translation:  This area is currently affected by the Super Kupower: ・Crystal Caboodle・!
  Suggest: Add to ffxi_glossary.txt: This area is currently affected by the Super Kupower: ・Thrifty Transit・!This area is currently affected by the Super Kupower: ・Martial Master・!This area is currently affected by the Super Kupower: ・Crystal Caboodle・!|<your_translation>

[2026-01-11 08:21:43] Japanese chars in translation
  Original:    Apollyon Operator : ・135・ has been recorded in your Black Card.
  Translation: Apollyon Operator : ・135・・ has been recorded in your Black Card.
  Suggest: Add to ffxi_glossary.txt: Apollyon Operator : ・135・ has been recorded in your Black Card.|<your_translation>

[2026-01-11 08:55:40] Japanese chars in translation
  Original:    Apollyon Operator : ・119・ has been recorded in your Black Card.
  Translation: Apollyon Operator : ・119・・ has been recorded in your Black Card.
  Suggest: Add to ffxi_glossary.txt: Apollyon Operator : ・119・ has been recorded in your Black Card.|<your_translation>

[2026-01-11 20:08:28] Japanese chars in translation
  Original:    This area is currently affected by the Super Kupower: ・Thrifty Transit・!This area is currently affected by the Super Kupower: ・Martial Master・!This area is currently affected by the Super Kupower: ・Crystal Caboodle・!
  Translation:  This area is currently affected by the Super Kupower: ・Crystal Caboodle・!
  Suggest: Add to ffxi_glossary.txt: This area is currently affected by the Super Kupower: ・Thrifty Transit・!This area is currently affected by the Super Kupower: ・Martial Master・!This area is currently affected by the Super Kupower: ・Crystal Caboodle・!|<your_translation>

[2026-01-11 21:00:00] Japanese chars in translation
  Original:    You have undertaken the limited-time Records of Eminence challenge ・Spoils (Seals).・
  Translation: You have undertaken the limited-time Records of Eminence challenge ・Spoils (Seals). You have undertaken the limited-time Records of Eminence challenge ・Spoils (Seals).
  Suggest: Add to ffxi_glossary.txt: You have undertaken the limited-time Records of Eminence challenge ・Spoils (Seals).・|<your_translation>

[2026-01-12 08:45:45] Japanese chars in translation
  Original:    This area is currently affected by the Super Kupower: ・Thrifty Transit・!This area is currently affected by the Super Kupower: ・Martial Master・!This area is currently affected by the Super Kupower: ・Crystal Caboodle・!
  Translation:  This area is currently affected by the Super Kupower: ・Crystal Caboodle・!
  Suggest: Add to ffxi_glossary.txt: This area is currently affected by the Super Kupower: ・Thrifty Transit・!This area is currently affected by the Super Kupower: ・Martial Master・!This area is currently affected by the Super Kupower: ・Crystal Caboodle・!|<your_translation>

[2026-01-12 11:02:52] Japanese chars in translation
  Original:    Uran-Mafran : ・There is a large-scale war brewing in Valhalla, land of the chosen souls...There is an open rebellion against Odin, the god who controls Valhalla.・
  Translation: Uran-Mafran : ・There is a large-scale war brewing in Valhalla, land of the chosen souls. There is an open rebellion against Odin, the god who controls Valhalla.
  Suggest: Add to ffxi_glossary.txt: Uran-Mafran : ・There is a large-scale war brewing in Valhalla, land of the chosen souls...There is an open rebellion against Odin, the god who controls Valhalla.・|<your_translation>

[2026-01-12 16:41:14] Japanese chars in translation
  Original:    You have undertaken ・Subjugation: Centurio XX-I (UC).・
  Translation: You have undertaken ・Subjugation: Centurio XX-I (UC). Subjugation: Centurio XX-I (UC).
  Suggest: Add to ffxi_glossary.txt: You have undertaken ・Subjugation: Centurio XX-I (UC).・|<your_translation>

[2026-01-12 17:46:51] Japanese chars in translation
  Original:    Apollyon Operator : ・135・ has been recorded in your Black Card.
  Translation: Apollyon Operator : ・135・・ has been recorded in your Black Card.
  Suggest: Add to ffxi_glossary.txt: Apollyon Operator : ・135・ has been recorded in your Black Card.|<your_translation>

[2026-01-13 08:50:57] No translation occurred
  Original:    うん
  Translation: yeah
  Suggest: Add to ffxi_glossary.txt: うん|<your_translation>

[2026-01-13 08:59:40] Japanese chars in translation
  Original:    (; ・`д・´)
  Translation: (; ・・・・д・´)
  Suggest: Add to ffxi_glossary.txt: (; ・`д・´)|<your_translation>

[2026-01-13 09:00:23] Japanese chars in translation
  Original:    You have undertaken ・Subjugation: Tiyanak (UC).・
  Translation: You have undertaken ・Subjugation: Tiyanak (UC). Subjugation: Tiyanak (UC).
  Suggest: Add to ffxi_glossary.txt: You have undertaken ・Subjugation: Tiyanak (UC).・|<your_translation>

[2026-01-13 09:45:35] Japanese chars in translation
  Original:    Gessho : Perhaps it is time I ask her for one of those ・bonuses・ I keep hearing about...
  Translation: Gessho : Perhaps it is time I ask her for one of those ・bonuses・・ I keep hearing about...
  Suggest: Add to ffxi_glossary.txt: Gessho : Perhaps it is time I ask her for one of those ・bonuses・ I keep hearing about...|<your_translation>

[2026-01-13 13:00:01] Japanese chars in translation
  Original:    You have undertaken the limited-time Records of Eminence challenge ・Spoils (Seals).・
  Translation: You have undertaken the limited-time Records of Eminence challenge ・Spoils (Seals). You have undertaken the limited-time Records of Eminence challenge ・Spoils (Seals).
  Suggest: Add to ffxi_glossary.txt: You have undertaken the limited-time Records of Eminence challenge ・Spoils (Seals).・|<your_translation>

[2026-01-13 23:57:47] Japanese chars in translation
  Original:    Temenos Operator : ・135・ has been recorded in your White Card.
  Translation: Temenos Operator : ・135・・ has been recorded in your White Card.
  Suggest: Add to ffxi_glossary.txt: Temenos Operator : ・135・ has been recorded in your White Card.|<your_translation>

[2026-01-14 00:59:59] Japanese chars in translation
  Original:    You have undertaken the limited-time Records of Eminence challenge ・Magic Damage Kills.・
  Translation: You have undertaken the limited-time Records of Eminence challenge ・Magic Damage Kills.
  Suggest: Add to ffxi_glossary.txt: You have undertaken the limited-time Records of Eminence challenge ・Magic Damage Kills.・|<your_translation>

